c:\users\right click\source\repos\smalling compo\smalling compo\debug\vc142.pdb
c:\users\right click\source\repos\smalling compo\smalling compo\debug\vc142.idb
c:\users\right click\source\repos\smalling compo\smalling compo\debug\smalling compo.obj
c:\users\right click\source\repos\smalling compo\smalling compo\debug\scanner.obj
c:\users\daily driver\source\repos\compiler-project\smalling compo\debug\vc143.pdb
c:\users\daily driver\source\repos\compiler-project\smalling compo\debug\vc143.idb
c:\users\daily driver\source\repos\compiler-project\smalling compo\debug\scanner.obj
c:\users\daily driver\source\repos\compiler-project\smalling compo\debug\smalling compo.obj
c:\users\right click\source\repos\smalling compo\debug\smalling compo.exe
c:\users\right click\source\repos\smalling compo\smalling compo\debug\smalling compo.ilk
c:\users\right click\source\repos\smalling compo\debug\smalling compo.pdb
c:\users\right click\source\repos\smalling compo\smalling compo\debug\smalling compo.res
c:\users\daily driver\source\repos\compiler-project\smalling compo\debug\smalling compo.res
c:\users\daily driver\source\repos\compiler-project\smalling compo\debug\source.obj
c:\users\daily driver\source\repos\compiler-project\smalling compo\debug\vc142.idb
c:\users\daily driver\source\repos\compiler-project\smalling compo\debug\vc142.pdb
c:\users\daily driver\source\repos\compiler-project\debug\smalling compo.pdb
c:\users\daily driver\source\repos\compiler-project\smalling compo\debug\smalling compo.tlog\cl.command.1.tlog
c:\users\daily driver\source\repos\compiler-project\smalling compo\debug\smalling compo.tlog\cl.read.1.tlog
c:\users\daily driver\source\repos\compiler-project\smalling compo\debug\smalling compo.tlog\cl.write.1.tlog
c:\users\daily driver\source\repos\compiler-project\smalling compo\debug\smalling compo.tlog\link-cvtres.read.1.tlog
c:\users\daily driver\source\repos\compiler-project\smalling compo\debug\smalling compo.tlog\link-cvtres.write.1.tlog
c:\users\daily driver\source\repos\compiler-project\smalling compo\debug\smalling compo.tlog\link-rc.read.1.tlog
c:\users\daily driver\source\repos\compiler-project\smalling compo\debug\smalling compo.tlog\link-rc.write.1.tlog
c:\users\daily driver\source\repos\compiler-project\smalling compo\debug\smalling compo.tlog\link.command.1.tlog
c:\users\daily driver\source\repos\compiler-project\smalling compo\debug\smalling compo.tlog\link.read.1.tlog
c:\users\daily driver\source\repos\compiler-project\smalling compo\debug\smalling compo.tlog\link.write.1.tlog
c:\users\daily driver\source\repos\compiler-project\smalling compo\debug\smalling compo.tlog\rc.command.1.tlog
c:\users\daily driver\source\repos\compiler-project\smalling compo\debug\smalling compo.tlog\rc.read.1.tlog
c:\users\daily driver\source\repos\compiler-project\smalling compo\debug\smalling compo.tlog\rc.write.1.tlog
