c:\users\daily driver\source\repos\compiler-project\smalling compo\x64\debug\vc143.pdb
c:\users\daily driver\source\repos\compiler-project\smalling compo\x64\debug\vc143.idb
c:\users\daily driver\source\repos\compiler-project\smalling compo\x64\debug\scanner.obj
c:\users\daily driver\source\repos\compiler-project\smalling compo\x64\debug\smalling compo.obj
c:\users\daily driver\source\repos\compiler-project\smalling compo\x64\debug\parser.obj
c:\users\daily driver\source\repos\compiler-project\x64\debug\smalling compo.exe
c:\users\daily driver\source\repos\compiler-project\x64\debug\smalling compo.pdb
c:\users\daily driver\source\repos\compiler-project\smalling compo\x64\debug\smalling compo.res
c:\users\daily driver\source\repos\compiler-project\smalling compo\x64\debug\smalling compo.ilk
c:\users\daily driver\source\repos\compiler-project\smalling compo\x64\debug\smalling compo.tlog\cl.command.1.tlog
c:\users\daily driver\source\repos\compiler-project\smalling compo\x64\debug\smalling compo.tlog\cl.items.tlog
c:\users\daily driver\source\repos\compiler-project\smalling compo\x64\debug\smalling compo.tlog\cl.read.1.tlog
c:\users\daily driver\source\repos\compiler-project\smalling compo\x64\debug\smalling compo.tlog\cl.write.1.tlog
c:\users\daily driver\source\repos\compiler-project\smalling compo\x64\debug\smalling compo.tlog\link.command.1.tlog
c:\users\daily driver\source\repos\compiler-project\smalling compo\x64\debug\smalling compo.tlog\link.read.1.tlog
c:\users\daily driver\source\repos\compiler-project\smalling compo\x64\debug\smalling compo.tlog\link.secondary.1.tlog
c:\users\daily driver\source\repos\compiler-project\smalling compo\x64\debug\smalling compo.tlog\link.write.1.tlog
c:\users\daily driver\source\repos\compiler-project\smalling compo\x64\debug\smalling compo.tlog\rc.command.1.tlog
c:\users\daily driver\source\repos\compiler-project\smalling compo\x64\debug\smalling compo.tlog\rc.read.1.tlog
c:\users\daily driver\source\repos\compiler-project\smalling compo\x64\debug\smalling compo.tlog\rc.write.1.tlog
